INFO [2019-03-31 16:55:21] $x
INFO [2019-03-31 16:55:21] list(set1, set2, set3)
INFO [2019-03-31 16:55:21] 
INFO [2019-03-31 16:55:21] $category.names
INFO [2019-03-31 16:55:21] c("Set 1", "Set 2 ", "Set 3")
INFO [2019-03-31 16:55:21] 
INFO [2019-03-31 16:55:21] $filename
INFO [2019-03-31 16:55:21] [1] "#14_venn_diagramm.png"
INFO [2019-03-31 16:55:21] 
INFO [2019-03-31 16:55:21] $output
INFO [2019-03-31 16:55:21] [1] TRUE
INFO [2019-03-31 16:55:21] 
INFO [2019-03-31 16:55:21] $imagetype
INFO [2019-03-31 16:55:21] [1] "png"
INFO [2019-03-31 16:55:21] 
INFO [2019-03-31 16:55:21] $height
INFO [2019-03-31 16:55:21] [1] 480
INFO [2019-03-31 16:55:21] 
INFO [2019-03-31 16:55:21] $width
INFO [2019-03-31 16:55:21] [1] 480
INFO [2019-03-31 16:55:21] 
INFO [2019-03-31 16:55:21] $resolution
INFO [2019-03-31 16:55:21] [1] 300
INFO [2019-03-31 16:55:21] 
INFO [2019-03-31 16:55:21] $compression
INFO [2019-03-31 16:55:21] [1] "lzw"
INFO [2019-03-31 16:55:21] 
INFO [2019-03-31 16:55:21] $lwd
INFO [2019-03-31 16:55:21] [1] 2
INFO [2019-03-31 16:55:21] 
INFO [2019-03-31 16:55:21] $lty
INFO [2019-03-31 16:55:21] [1] "blank"
INFO [2019-03-31 16:55:21] 
INFO [2019-03-31 16:55:21] $fill
INFO [2019-03-31 16:55:21] myCol
INFO [2019-03-31 16:55:21] 
INFO [2019-03-31 16:55:21] $cex
INFO [2019-03-31 16:55:21] [1] 1
INFO [2019-03-31 16:55:21] 
INFO [2019-03-31 16:55:21] $fontface
INFO [2019-03-31 16:55:21] [1] "bold"
INFO [2019-03-31 16:55:21] 
INFO [2019-03-31 16:55:21] $fontfamily
INFO [2019-03-31 16:55:21] [1] "sans"
INFO [2019-03-31 16:55:21] 
INFO [2019-03-31 16:55:21] $cat.cex
INFO [2019-03-31 16:55:21] [1] 0.6
INFO [2019-03-31 16:55:21] 
INFO [2019-03-31 16:55:21] $cat.fontface
INFO [2019-03-31 16:55:21] [1] "bold"
INFO [2019-03-31 16:55:21] 
INFO [2019-03-31 16:55:21] $cat.default.pos
INFO [2019-03-31 16:55:21] [1] "outer"
INFO [2019-03-31 16:55:21] 
INFO [2019-03-31 16:55:21] $cat.pos
INFO [2019-03-31 16:55:21] c(-27, 27, 135)
INFO [2019-03-31 16:55:21] 
INFO [2019-03-31 16:55:21] $cat.dist
INFO [2019-03-31 16:55:21] c(0.055, 0.055, 0.085)
INFO [2019-03-31 16:55:21] 
INFO [2019-03-31 16:55:21] $cat.fontfamily
INFO [2019-03-31 16:55:21] [1] "sans"
INFO [2019-03-31 16:55:21] 
INFO [2019-03-31 16:55:21] $rotation
INFO [2019-03-31 16:55:21] [1] 1
INFO [2019-03-31 16:55:21] 
