INFO [2019-03-31 16:54:50] $x
INFO [2019-03-31 16:54:50] list(set1, set2, set3)
INFO [2019-03-31 16:54:50] 
INFO [2019-03-31 16:54:50] $category.names
INFO [2019-03-31 16:54:50] c("Set 1", "Set 2 ", "Set 3")
INFO [2019-03-31 16:54:50] 
INFO [2019-03-31 16:54:50] $filename
INFO [2019-03-31 16:54:50] [1] "#14_venn_diagramm.png"
INFO [2019-03-31 16:54:50] 
INFO [2019-03-31 16:54:50] $output
INFO [2019-03-31 16:54:50] [1] TRUE
INFO [2019-03-31 16:54:50] 
INFO [2019-03-31 16:54:50] $imagetype
INFO [2019-03-31 16:54:50] [1] "png"
INFO [2019-03-31 16:54:50] 
INFO [2019-03-31 16:54:50] $height
INFO [2019-03-31 16:54:50] [1] 480
INFO [2019-03-31 16:54:50] 
INFO [2019-03-31 16:54:50] $width
INFO [2019-03-31 16:54:50] [1] 480
INFO [2019-03-31 16:54:50] 
INFO [2019-03-31 16:54:50] $resolution
INFO [2019-03-31 16:54:50] [1] 300
INFO [2019-03-31 16:54:50] 
INFO [2019-03-31 16:54:50] $compression
INFO [2019-03-31 16:54:50] [1] "lzw"
INFO [2019-03-31 16:54:50] 
INFO [2019-03-31 16:54:50] $lwd
INFO [2019-03-31 16:54:50] [1] 2
INFO [2019-03-31 16:54:50] 
INFO [2019-03-31 16:54:50] $lty
INFO [2019-03-31 16:54:50] [1] "blank"
INFO [2019-03-31 16:54:50] 
INFO [2019-03-31 16:54:50] $fill
INFO [2019-03-31 16:54:50] c("yellow", "purple", "green")
INFO [2019-03-31 16:54:50] 
INFO [2019-03-31 16:54:50] $cex
INFO [2019-03-31 16:54:50] [1] 1
INFO [2019-03-31 16:54:50] 
INFO [2019-03-31 16:54:50] $fontface
INFO [2019-03-31 16:54:50] [1] "bold"
INFO [2019-03-31 16:54:50] 
INFO [2019-03-31 16:54:50] $fontfamily
INFO [2019-03-31 16:54:50] [1] "sans"
INFO [2019-03-31 16:54:50] 
INFO [2019-03-31 16:54:50] $cat.cex
INFO [2019-03-31 16:54:50] [1] 0.6
INFO [2019-03-31 16:54:50] 
INFO [2019-03-31 16:54:50] $cat.fontface
INFO [2019-03-31 16:54:50] [1] "bold"
INFO [2019-03-31 16:54:50] 
INFO [2019-03-31 16:54:50] $cat.default.pos
INFO [2019-03-31 16:54:50] [1] "outer"
INFO [2019-03-31 16:54:50] 
INFO [2019-03-31 16:54:50] $cat.pos
INFO [2019-03-31 16:54:50] c(-27, 27, 135)
INFO [2019-03-31 16:54:50] 
INFO [2019-03-31 16:54:50] $cat.dist
INFO [2019-03-31 16:54:50] c(0.055, 0.055, 0.085)
INFO [2019-03-31 16:54:50] 
INFO [2019-03-31 16:54:50] $cat.fontfamily
INFO [2019-03-31 16:54:50] [1] "sans"
INFO [2019-03-31 16:54:50] 
INFO [2019-03-31 16:54:50] $rotation
INFO [2019-03-31 16:54:50] [1] 1
INFO [2019-03-31 16:54:50] 
