INFO [2019-03-31 16:55:47] $x
INFO [2019-03-31 16:55:47] list(set1, set2, set3)
INFO [2019-03-31 16:55:47] 
INFO [2019-03-31 16:55:47] $category.names
INFO [2019-03-31 16:55:47] c("Set 1", "Set 2 ", "Set 3")
INFO [2019-03-31 16:55:47] 
INFO [2019-03-31 16:55:47] $filename
INFO [2019-03-31 16:55:47] [1] "#14_venn_diagramm.png"
INFO [2019-03-31 16:55:47] 
INFO [2019-03-31 16:55:47] $output
INFO [2019-03-31 16:55:47] [1] TRUE
INFO [2019-03-31 16:55:47] 
INFO [2019-03-31 16:55:47] $imagetype
INFO [2019-03-31 16:55:47] [1] "png"
INFO [2019-03-31 16:55:47] 
INFO [2019-03-31 16:55:47] $height
INFO [2019-03-31 16:55:47] [1] 480
INFO [2019-03-31 16:55:47] 
INFO [2019-03-31 16:55:47] $width
INFO [2019-03-31 16:55:47] [1] 480
INFO [2019-03-31 16:55:47] 
INFO [2019-03-31 16:55:47] $resolution
INFO [2019-03-31 16:55:47] [1] 300
INFO [2019-03-31 16:55:47] 
INFO [2019-03-31 16:55:47] $compression
INFO [2019-03-31 16:55:47] [1] "lzw"
INFO [2019-03-31 16:55:47] 
INFO [2019-03-31 16:55:47] $lwd
INFO [2019-03-31 16:55:47] [1] 2
INFO [2019-03-31 16:55:47] 
INFO [2019-03-31 16:55:47] $lty
INFO [2019-03-31 16:55:47] [1] "blank"
INFO [2019-03-31 16:55:47] 
INFO [2019-03-31 16:55:47] $fill
INFO [2019-03-31 16:55:47] myCol
INFO [2019-03-31 16:55:47] 
INFO [2019-03-31 16:55:47] $cex
INFO [2019-03-31 16:55:47] [1] 1
INFO [2019-03-31 16:55:47] 
INFO [2019-03-31 16:55:47] $fontface
INFO [2019-03-31 16:55:47] [1] "bold"
INFO [2019-03-31 16:55:47] 
INFO [2019-03-31 16:55:47] $fontfamily
INFO [2019-03-31 16:55:47] [1] "sans"
INFO [2019-03-31 16:55:47] 
INFO [2019-03-31 16:55:47] $cat.cex
INFO [2019-03-31 16:55:47] [1] 0.6
INFO [2019-03-31 16:55:47] 
INFO [2019-03-31 16:55:47] $cat.fontface
INFO [2019-03-31 16:55:47] [1] "bold"
INFO [2019-03-31 16:55:47] 
INFO [2019-03-31 16:55:47] $cat.default.pos
INFO [2019-03-31 16:55:47] [1] "outer"
INFO [2019-03-31 16:55:47] 
INFO [2019-03-31 16:55:47] $cat.pos
INFO [2019-03-31 16:55:47] c(-27, 27, 135)
INFO [2019-03-31 16:55:47] 
INFO [2019-03-31 16:55:47] $cat.dist
INFO [2019-03-31 16:55:47] c(0.055, 0.055, 0.085)
INFO [2019-03-31 16:55:47] 
INFO [2019-03-31 16:55:47] $cat.fontfamily
INFO [2019-03-31 16:55:47] [1] "sans"
INFO [2019-03-31 16:55:47] 
INFO [2019-03-31 16:55:47] $rotation
INFO [2019-03-31 16:55:47] [1] 1
INFO [2019-03-31 16:55:47] 
