INFO [2019-03-31 16:57:29] $x
INFO [2019-03-31 16:57:29] list(set1, set2, set3)
INFO [2019-03-31 16:57:29] 
INFO [2019-03-31 16:57:29] $category.names
INFO [2019-03-31 16:57:29] c("Set 1", "Set 2 ", "Set 3")
INFO [2019-03-31 16:57:29] 
INFO [2019-03-31 16:57:29] $filename
INFO [2019-03-31 16:57:29] [1] "#14_venn_diagramm.png"
INFO [2019-03-31 16:57:29] 
INFO [2019-03-31 16:57:29] $output
INFO [2019-03-31 16:57:29] [1] TRUE
INFO [2019-03-31 16:57:29] 
INFO [2019-03-31 16:57:29] $imagetype
INFO [2019-03-31 16:57:29] [1] "png"
INFO [2019-03-31 16:57:29] 
INFO [2019-03-31 16:57:29] $height
INFO [2019-03-31 16:57:29] [1] 480
INFO [2019-03-31 16:57:29] 
INFO [2019-03-31 16:57:29] $width
INFO [2019-03-31 16:57:29] [1] 480
INFO [2019-03-31 16:57:29] 
INFO [2019-03-31 16:57:29] $resolution
INFO [2019-03-31 16:57:29] [1] 300
INFO [2019-03-31 16:57:29] 
INFO [2019-03-31 16:57:29] $compression
INFO [2019-03-31 16:57:29] [1] "lzw"
INFO [2019-03-31 16:57:29] 
INFO [2019-03-31 16:57:29] $lwd
INFO [2019-03-31 16:57:29] [1] 2
INFO [2019-03-31 16:57:29] 
INFO [2019-03-31 16:57:29] $lty
INFO [2019-03-31 16:57:29] [1] "blank"
INFO [2019-03-31 16:57:29] 
INFO [2019-03-31 16:57:29] $fill
INFO [2019-03-31 16:57:29] myCol
INFO [2019-03-31 16:57:29] 
INFO [2019-03-31 16:57:29] $cex
INFO [2019-03-31 16:57:29] [1] 0.6
INFO [2019-03-31 16:57:29] 
INFO [2019-03-31 16:57:29] $fontface
INFO [2019-03-31 16:57:29] [1] "bold"
INFO [2019-03-31 16:57:29] 
INFO [2019-03-31 16:57:29] $fontfamily
INFO [2019-03-31 16:57:29] [1] "sans"
INFO [2019-03-31 16:57:29] 
INFO [2019-03-31 16:57:29] $cat.cex
INFO [2019-03-31 16:57:29] [1] 0.6
INFO [2019-03-31 16:57:29] 
INFO [2019-03-31 16:57:29] $cat.fontface
INFO [2019-03-31 16:57:29] [1] "bold"
INFO [2019-03-31 16:57:29] 
INFO [2019-03-31 16:57:29] $cat.default.pos
INFO [2019-03-31 16:57:29] [1] "outer"
INFO [2019-03-31 16:57:29] 
INFO [2019-03-31 16:57:29] $cat.pos
INFO [2019-03-31 16:57:29] c(-27, 27, 135)
INFO [2019-03-31 16:57:29] 
INFO [2019-03-31 16:57:29] $cat.dist
INFO [2019-03-31 16:57:29] c(0.055, 0.055, 0.085)
INFO [2019-03-31 16:57:29] 
INFO [2019-03-31 16:57:29] $cat.fontfamily
INFO [2019-03-31 16:57:29] [1] "sans"
INFO [2019-03-31 16:57:29] 
INFO [2019-03-31 16:57:29] $rotation
INFO [2019-03-31 16:57:29] [1] 1
INFO [2019-03-31 16:57:29] 
